[2024-08-08 08:01:26,403] {taskinstance.py:877} INFO - Dependencies all met for <TaskInstance: dota_dag.transform_heroes 2024-08-08T08:01:23.084125+00:00 [queued]>
[2024-08-08 08:01:26,417] {taskinstance.py:877} INFO - Dependencies all met for <TaskInstance: dota_dag.transform_heroes 2024-08-08T08:01:23.084125+00:00 [queued]>
[2024-08-08 08:01:26,418] {taskinstance.py:1068} INFO - 
--------------------------------------------------------------------------------
[2024-08-08 08:01:26,419] {taskinstance.py:1069} INFO - Starting attempt 1 of 2
[2024-08-08 08:01:26,419] {taskinstance.py:1070} INFO - 
--------------------------------------------------------------------------------
[2024-08-08 08:01:26,437] {taskinstance.py:1089} INFO - Executing <Task(PythonOperator): transform_heroes> on 2024-08-08T08:01:23.084125+00:00
[2024-08-08 08:01:26,441] {standard_task_runner.py:52} INFO - Started process 57 to run task
[2024-08-08 08:01:26,447] {standard_task_runner.py:76} INFO - Running: ['airflow', 'tasks', 'run', 'dota_dag', 'transform_heroes', '2024-08-08T08:01:23.084125+00:00', '--job-id', '7', '--pool', 'default_pool', '--raw', '--subdir', 'DAGS_FOLDER/dota.py', '--cfg-path', '/tmp/tmp0vhp05yv', '--error-file', '/tmp/tmpui80z5qk']
[2024-08-08 08:01:26,448] {standard_task_runner.py:77} INFO - Job 7: Subtask transform_heroes
[2024-08-08 08:01:26,498] {logging_mixin.py:104} INFO - Running <TaskInstance: dota_dag.transform_heroes 2024-08-08T08:01:23.084125+00:00 [running]> on host ec67c4f7e31a
[2024-08-08 08:01:26,546] {taskinstance.py:1283} INFO - Exporting the following env vars:
AIRFLOW_CTX_DAG_OWNER=airflow
AIRFLOW_CTX_DAG_ID=dota_dag
AIRFLOW_CTX_TASK_ID=transform_heroes
AIRFLOW_CTX_EXECUTION_DATE=2024-08-08T08:01:23.084125+00:00
AIRFLOW_CTX_DAG_RUN_ID=manual__2024-08-08T08:01:23.084125+00:00
[2024-08-08 08:01:26,584] {python.py:118} INFO - Done. Returned value was: None
[2024-08-08 08:01:26,597] {taskinstance.py:1192} INFO - Marking task as SUCCESS. dag_id=dota_dag, task_id=transform_heroes, execution_date=20240808T080123, start_date=20240808T080126, end_date=20240808T080126
[2024-08-08 08:01:26,647] {taskinstance.py:1246} INFO - 1 downstream tasks scheduled from follow-on schedule check
[2024-08-08 08:01:26,670] {local_task_job.py:146} INFO - Task exited with return code 0
